<?xml version="1.0" encoding="UTF-8"?>
<!-- Generated by org.testng.reporters.JUnitReportReporter -->
<testsuite hostname="DESKTOP-LHN9MF2" failures="0" tests="1" name="com.vtiger.organizationpage.TC_VT_001_Test" time="13.479" errors="0" timestamp="2025-02-12T11:00:35 IST" skipped="0">
  <testcase classname="com.vtiger.organizationpage.TC_VT_001_Test" name="clickonOrganization" time="13.479"/>
  <system-out/>
</testsuite> <!-- com.vtiger.organizationpage.TC_VT_001_Test -->
