<?xml version="1.0" encoding="UTF-8"?>
<!-- Generated by org.testng.reporters.JUnitReportReporter -->
<testsuite hostname="DESKTOP-LHN9MF2" failures="0" tests="1" name="com.vtiger.delete_contact.TC_VT_001_Test" time="12.316" errors="0" timestamp="2025-02-12T11:26:02 IST" skipped="0">
  <testcase classname="com.vtiger.delete_contact.TC_VT_001_Test" name="singleselect" time="12.316"/>
  <system-out/>
</testsuite> <!-- com.vtiger.delete_contact.TC_VT_001_Test -->
