<?xml version="1.0" encoding="UTF-8"?>
<!-- Generated by org.testng.reporters.JUnitReportReporter -->
<testsuite hostname="DESKTOP-LHN9MF2" failures="0" tests="1" name="com.vtiger.contactpage.TC_VT_002_Test" time="22.410" errors="0" timestamp="2025-02-12T11:08:43 IST" skipped="0">
  <testcase classname="com.vtiger.contactpage.TC_VT_002_Test" name="createContact" time="22.410"/>
  <system-out/>
</testsuite> <!-- com.vtiger.contactpage.TC_VT_002_Test -->
